Determining if the pthread_create exist failed with the following output:
Change Dir: /home/max/catkin_ws/src/orthos_ros_stm32/cmake-build-debug/CMakeFiles/CMakeTmp

Run Build Command:"/usr/bin/make" "cmTC_98052/fast"
/usr/bin/make -f CMakeFiles/cmTC_98052.dir/build.make CMakeFiles/cmTC_98052.dir/build
make[1]: Entering directory '/home/max/catkin_ws/src/orthos_ros_stm32/cmake-build-debug/CMakeFiles/CMakeTmp'
Building C object CMakeFiles/cmTC_98052.dir/CheckSymbolExists.c.o
/usr/bin/cc    -o CMakeFiles/cmTC_98052.dir/CheckSymbolExists.c.o   -c /home/max/catkin_ws/src/orthos_ros_stm32/cmake-build-debug/CMakeFiles/CMakeTmp/CheckSymbolExists.c
Linking C executable cmTC_98052
/opt/clion-2018.1.2/bin/cmake/bin/cmake -E cmake_link_script CMakeFiles/cmTC_98052.dir/link.txt --verbose=1
/usr/bin/cc      -rdynamic CMakeFiles/cmTC_98052.dir/CheckSymbolExists.c.o  -o cmTC_98052 
CMakeFiles/cmTC_98052.dir/CheckSymbolExists.c.o: In function `main':
CheckSymbolExists.c:(.text+0x16): undefined reference to `pthread_create'
collect2: error: ld returned 1 exit status
CMakeFiles/cmTC_98052.dir/build.make:97: recipe for target 'cmTC_98052' failed
make[1]: *** [cmTC_98052] Error 1
make[1]: Leaving directory '/home/max/catkin_ws/src/orthos_ros_stm32/cmake-build-debug/CMakeFiles/CMakeTmp'
Makefile:126: recipe for target 'cmTC_98052/fast' failed
make: *** [cmTC_98052/fast] Error 2

File /home/max/catkin_ws/src/orthos_ros_stm32/cmake-build-debug/CMakeFiles/CMakeTmp/CheckSymbolExists.c:
/* */
#include <pthread.h>

int main(int argc, char** argv)
{
  (void)argv;
#ifndef pthread_create
  return ((int*)(&pthread_create))[argc];
#else
  (void)argc;
  return 0;
#endif
}

Determining if the function pthread_create exists in the pthreads failed with the following output:
Change Dir: /home/max/catkin_ws/src/orthos_ros_stm32/cmake-build-debug/CMakeFiles/CMakeTmp

Run Build Command:"/usr/bin/make" "cmTC_2122f/fast"
/usr/bin/make -f CMakeFiles/cmTC_2122f.dir/build.make CMakeFiles/cmTC_2122f.dir/build
make[1]: Entering directory '/home/max/catkin_ws/src/orthos_ros_stm32/cmake-build-debug/CMakeFiles/CMakeTmp'
Building C object CMakeFiles/cmTC_2122f.dir/CheckFunctionExists.c.o
/usr/bin/cc   -DCHECK_FUNCTION_EXISTS=pthread_create   -o CMakeFiles/cmTC_2122f.dir/CheckFunctionExists.c.o   -c /opt/clion-2018.1.2/bin/cmake/share/cmake-3.10/Modules/CheckFunctionExists.c
Linking C executable cmTC_2122f
/opt/clion-2018.1.2/bin/cmake/bin/cmake -E cmake_link_script CMakeFiles/cmTC_2122f.dir/link.txt --verbose=1
/usr/bin/cc  -DCHECK_FUNCTION_EXISTS=pthread_create    -rdynamic CMakeFiles/cmTC_2122f.dir/CheckFunctionExists.c.o  -o cmTC_2122f -lpthreads 
/usr/bin/ld: cannot find -lpthreads
collect2: error: ld returned 1 exit status
CMakeFiles/cmTC_2122f.dir/build.make:97: recipe for target 'cmTC_2122f' failed
make[1]: *** [cmTC_2122f] Error 1
make[1]: Leaving directory '/home/max/catkin_ws/src/orthos_ros_stm32/cmake-build-debug/CMakeFiles/CMakeTmp'
Makefile:126: recipe for target 'cmTC_2122f/fast' failed
make: *** [cmTC_2122f/fast] Error 2


